---------------------- 12/2/2012 8:48:29 PM ------------------------
 
-- Instructions --
0x0000 Clr_WCntr   Clr_WCntr   .asm    0       -- Clear Word Counter Location                  (A)
0x0001 Clr_Spare   Clr_Spare   .asm    1       -- Clear Spare RAM Location                     (B)
0x0002  Clr_WPtr   Clr_WPtr    .asm    2       -- Clear Write Pointer Location                 (C)
0x0003  Clr_RPtr   Clr_RPtr    .asm    3       -- Clear Read Pointer Location                  (D)
0x0004  Wr_FIFO0   Wr_FIFO0    .asm    4       -- Write FIFO - Increment WPtr, Write BRAM      (E)
0x0005  Wr_FIFO1   Wr_FIFO1    .asm    5       -- Write FIFO - Increment RCntr, Update Flags   (F)
0x0006  Rd_FIFO0   Rd_FIFO0    .asm    6       -- Read FIFO - Increment RPtr, Read BRAM        (G)
0x0007  Rd_FIFO1   Rd_FIFO1    .asm    7       -- Read FIFO - Increment WCntr, Update Flags    (H)
0x0008      Idle   Idle        .asm    8       -- Idle State - No operations performed         (J)                   
0x0009  Wr_FIFO2   Wr_FIFO2    .asm    9       -- Write FIFO - Increment WCntr, Write DOR      (K)
0x000A  Wr_FIFO3   Wr_FIFO3    .asm    10      -- Write FIFO - Increment WPtr                  (L)
0x000B  Wr_FIFO4   Wr_FIFO4    .asm    11      -- Write FIFO -                                 (M)
0x000C  Unused_0   Unused_0    .asm    12      -- Unused state - goto Idle                     (N)
0x000D  Unused_1   Unused_1    .asm    13      -- Unused state - goto Idle                     (P)
0x000E  Unused_2   Unused_2    .asm    14      -- Unused state - goto Idle                     (Q)
0x000F  Unused_3   Unused_3    .asm    15      -- Unused state - goto Idle                     (R)
 
-- Equates --
0x0000 WCntr       .equ    0       -- RS <= FIFO Word Counter
0x0001 Spare       .equ    1       -- RS <= Spare RAM Location
0x0002 RPtr        .equ    2       -- RS <= FIFO Read Pointer
0x0003 WPtr        .equ    3       -- RS <= FIFO Write Pointer
0x0001 Clr         .equ    1       -- AS <= Clear (Force 0)
0x0002 Dec         .equ    2       -- AS <= Decrement
0x0003 Inc         .equ    3       -- AS <= Increment
0x0002 Rd          .equ    2       -- MS <= Read FIFO RAM
0x0003 Wr          .equ    3       -- MS <= Write FIFO RAM
0x0001 Clr_Rst     .equ    1       -- CF <= Clear Reset FIFO Command
0x0002 Clr_Read    .equ    2       -- CF <= Clear Read FIFO Command
0x0003 Clr_Write   .equ    3       -- CF <= Clear Write FIFO Command
0x0001 Set_Flgs    .equ    1       -- SF <= Initialize FIFO Flags
0x0002 Set_EF      .equ    2       -- SF <= Update FIFO Empty Flag (FIFO Read)
0x0003 Set_FF      .equ    3       -- SF <= Update FIFO Full Flag  (FIFO Write)
 
-- Defines --
0x0004 NS          .def    4       -- Next State
0x0002 RS          .def    2       -- Register Select
0x0002 AS          .def    2       -- ALU Operation Select
0x0002 MS          .def    2       -- Memory Operation Select
0x0002 CF          .def    2       -- Clear Flag Select
0x0002 SF          .def    2       -- Set Flag Select
 
-- Labels --
0x0000 _Start
0x0004 _Wr_FIFO0
0x0006 _Rd_FIFO0
0x0008 _Idle
0x0009 _Wr_FIFO2
0x000C _Unused
0x0010 _Last
0x0010 _end
 
File  Prog     
Line  Line   Opcode                                Line
0094 0x0000 _Start: .org 0
0096 0x0000  00000440 Clr_Spare WCntr, Clr -- 0001_00_01_00_00_00
0097 0x0001  00000940 Clr_WPtr Spare, Clr -- 0010_01_01_00_00_00
0098 0x0002  00000E45 Clr_RPtr RPtr, Clr, , Clr_Rst , Set_Flgs -- 0011_10_01_00_01_01
0099 0x0003  00002340 Idle WPtr, Clr -- 1000_11_01_00_00_00
0100  --
0102 0x0004 _Wr_FIFO0:
0103 0x0004  000017FC Wr_FIFO1 WPtr, Inc, Wr, Clr_Write -- 0101_11_11_11_11_00
0104 0x0005  000020C3 Idle WCntr, Inc, , , Set_FF -- 1000_00_11_00_00_11
0105  --
0107 0x0006 _Rd_FIFO0:
0108 0x0006  00001EE8 Rd_FIFO1 RPtr, Inc, Rd, Clr_Read -- 0111_10_11_10_10_00
0109 0x0007  00002082 Idle WCntr, Dec, , , Set_EF -- 1000_00_10_00_00_10
0110  --
0112 0x0008 _Idle:
0113 0x0008  00002000 Idle WCntr -- 1000_00_00_00_00_00
0115  --
0117 0x0009 _Wr_FIFO2:
0118 0x0009  00002BFC Wr_FIFO3 WPtr, Inc, Wr, Clr_Write -- 1010_11_11_11_11_00
0119 0x000A  00002EE8 Wr_FIFO4 RPtr, Inc, Rd, Clr_Read -- 1011_10_11_10_10_00
0120 0x000B  000020C3 Idle WCntr, Inc, , , Set_FF -- 1000_00_11_00_00_11
0122  -- -----------------------------------------------------------------------------
0124 0x000C _Unused:
0125 0x000C  00002000 Idle WCntr -- 1000_00_00_00_00_00
0126 0x000D  00002000 Idle WCntr -- 1000_00_00_00_00_00
0127 0x000E  00002000 Idle WCntr -- 1000_00_00_00_00_00
0128 0x000F  00002000 Idle WCntr -- 1000_00_00_00_00_00
0130  -- -----------------------------------------------------------------------------
0131 0x0010 _Last: .org 16
0133 0x0010 _end:
-- Instructions --
0x0000 Clr_WCntr   Clr_WCntr   .asm    0       -- Clear Word Counter Location                  (A)
0x0001   Clr_Spr   Clr_Spr     .asm    1       -- Clear Spare RAM Location                     (B)
0x0002  Clr_WPtr   Clr_WPtr    .asm    2       -- Clear Write Pointer Location                 (C)
0x0003  Clr_RPtr   Clr_RPtr    .asm    3       -- Clear Read Pointer Location                  (D)
0x0004       FWr   FWr         .asm    4       -- Write FIFO - Increment WPtr, Write BRAM      (E)
0x0005     RWr_1   RWr_1       .asm    5       -- Write FIFO - Increment RCntr, Update Flags   (F)
0x0006       FRd   FRd         .asm    6       -- Read FIFO - Increment RPtr, Read BRAM        (G)
0x0007     FRd_1   FRd_1       .asm    7       -- Read FIFO - Increment WCntr, Update Flags    (H)
0x0008      Idle   Idle        .asm    8       -- Idle State - No operations performed         (J)                   
0x0009    FWr_EF   FWr_EF      .asm    9       -- Write FIFO - Increment WCntr, Write DOR      (K)
0x000A  FWr_EF_1   FWr_EF_1    .asm    10      -- Write FIFO - Increment WPtr                  (L)
0x000B  FWr_EF_2   FWr_EF_2    .asm    11      -- Write FIFO -                                 (M)
0x000C  Unused_0   Unused_0    .asm    12      -- Unused state - goto Idle                     (N)
0x000D  Unused_1   Unused_1    .asm    13      -- Unused state - goto Idle                     (P)
0x000E  Unused_2   Unused_2    .asm    14      -- Unused state - goto Idle                     (Q)
0x000F  Unused_3   Unused_3    .asm    15      -- Unused state - goto Idle                     (R)
 
-- Equates --
0x0000 WCntr       .equ    0       -- RS <= FIFO Word Counter
0x0001 Spare       .equ    1       -- RS <= Spare RAM Location
0x0002 RPtr        .equ    2       -- RS <= FIFO Read Pointer
0x0003 WPtr        .equ    3       -- RS <= FIFO Write Pointer
0x0001 Clr         .equ    1       -- AS <= Clear (Force 0)
0x0002 Dec         .equ    2       -- AS <= Decrement
0x0003 Inc         .equ    3       -- AS <= Increment
0x0002 Rd          .equ    2       -- MS <= Read FIFO RAM
0x0003 Wr          .equ    3       -- MS <= Write FIFO RAM
0x0001 Clr_xRF     .equ    1       -- CF <= Clear Reset FIFO Command
0x0002 R_RDxF      .equ    2       -- CF <= Clear Read FIFO Command
0x0003 WE_xF       .equ    3       -- CF <= Clear Write FIFO Command
0x0001 Init_xFlgs  .equ    1       -- SF <= Initialize FIFO Flags
0x0002 Set_xEF     .equ    2       -- SF <= Update FIFO Empty Flag (FIFO Read)
0x0003 Set_xFF     .equ    3       -- SF <= Update FIFO Full Flag  (FIFO Write)
 
-- Defines --
0x0004 NS          .def    4       -- Next State
0x0002 RS          .def    2       -- Register Select
0x0002 AS          .def    2       -- ALU Operation Select
0x0002 MS          .def    2       -- Memory Operation Select
0x0002 CF          .def    2       -- Clear Flag Select
0x0002 SF          .def    2       -- Set Flag Select
 
-- Labels --
0x0000 _Start
0x0004 _FWr
0x0005 _FRd
0x0007 _Idle
0x0008 _FWr_EF
0x000B _Unused
0x0010 _Last
0x0010 _end
 
File  Prog     
Line  Line   Opcode                                Line
0094 0x0000 _Start: .org 0
0096 0x0000  00000440 Clr_Spr WCntr, Clr -- 0001_00_01_00_00_00
0097 0x0001  00000940 Clr_WPtr Spare, Clr -- 0010_01_01_00_00_00
0098 0x0002  00000E45 Clr_RPtr RPtr, Clr, , Clr_xRF , Init_xFlgs -- 0011_10_01_00_01_01
0099 0x0003  00002340 Idle WPtr, Clr -- 1000_11_01_00_00_00
0100  --
0102 0x0004 _FWr:
0104 0x0004  000020C3 Idle WCntr, Inc, , , Set_xFF -- 1000_00_11_00_00_11
0105  --
0107 0x0005 _FRd:
0108 0x0005  00001EE8 FRd_1 RPtr, Inc, Rd, R_RDxF -- 0111_10_11_10_10_00
0109 0x0006  00002082 Idle WCntr, Dec, , , Set_xEF -- 1000_00_10_00_00_10
0110  --
0112 0x0007 _Idle:
0113 0x0007  00002000 Idle WCntr -- 1000_00_00_00_00_00
0115  --
0117 0x0008 _FWr_EF:
0118 0x0008  00002BFC FWr_EF_1 WPtr, Inc, Wr, WE_xF -- 1010_11_11_11_11_00
0119 0x0009  00002EE8 FWr_EF_2 RPtr, Inc, Rd, R_RDxF -- 1011_10_11_10_10_00
0120 0x000A  000020C3 Idle WCntr, Inc, , , Set_xFF -- 1000_00_11_00_00_11
0122  -- -----------------------------------------------------------------------------
0124 0x000B _Unused:
0125 0x000B  00002000 Idle WCntr -- 1000_00_00_00_00_00
0126 0x000C  00002000 Idle WCntr -- 1000_00_00_00_00_00
0127 0x000D  00002000 Idle WCntr -- 1000_00_00_00_00_00
0128 0x000E  00002000 Idle WCntr -- 1000_00_00_00_00_00
0130  -- -----------------------------------------------------------------------------
0000 0x000F  00000000 added by program
0131 0x0010 _Last: .org 16
0133 0x0010 _end:
-- Instructions --
0x0000 Clr_WCntr   Clr_WCntr   .asm    0       -- Clear Word Counter Location                  (A)
0x0001   Clr_Spr   Clr_Spr     .asm    1       -- Clear Spare RAM Location                     (B)
0x0002  Clr_WPtr   Clr_WPtr    .asm    2       -- Clear Write Pointer Location                 (C)
0x0003  Clr_RPtr   Clr_RPtr    .asm    3       -- Clear Read Pointer Location                  (D)
0x0004       FWr   FWr         .asm    4       -- Write FIFO - Increment WPtr, Write BRAM      (E)
0x0005     FWr_1   FWr_1       .asm    5       -- Write FIFO - Increment RCntr, Update Flags   (F)
0x0006       FRd   FRd         .asm    6       -- Read FIFO - Increment RPtr, Read BRAM        (G)
0x0007     FRd_1   FRd_1       .asm    7       -- Read FIFO - Increment WCntr, Update Flags    (H)
0x0008      Idle   Idle        .asm    8       -- Idle State - No operations performed         (J)                   
0x0009    FWr_EF   FWr_EF      .asm    9       -- Write FIFO - Increment WCntr, Write DOR      (K)
0x000A  FWr_EF_1   FWr_EF_1    .asm    10      -- Write FIFO - Increment WPtr                  (L)
0x000B  FWr_EF_2   FWr_EF_2    .asm    11      -- Write FIFO -                                 (M)
0x000C  Unused_0   Unused_0    .asm    12      -- Unused state - goto Idle                     (N)
0x000D  Unused_1   Unused_1    .asm    13      -- Unused state - goto Idle                     (P)
0x000E  Unused_2   Unused_2    .asm    14      -- Unused state - goto Idle                     (Q)
0x000F  Unused_3   Unused_3    .asm    15      -- Unused state - goto Idle                     (R)
 
-- Equates --
0x0000 WCntr       .equ    0       -- RS <= FIFO Word Counter
0x0001 Spare       .equ    1       -- RS <= Spare RAM Location
0x0002 RPtr        .equ    2       -- RS <= FIFO Read Pointer
0x0003 WPtr        .equ    3       -- RS <= FIFO Write Pointer
0x0001 Clr         .equ    1       -- AS <= Clear (Force 0)
0x0002 Dec         .equ    2       -- AS <= Decrement
0x0003 Inc         .equ    3       -- AS <= Increment
0x0002 Rd          .equ    2       -- MS <= Read FIFO RAM
0x0003 Wr          .equ    3       -- MS <= Write FIFO RAM
0x0001 Clr_xRF     .equ    1       -- CF <= Clear Reset FIFO Command
0x0002 R_RDxF      .equ    2       -- CF <= Clear Read FIFO Command
0x0003 WE_xF       .equ    3       -- CF <= Clear Write FIFO Command
0x0001 Init_xFlgs  .equ    1       -- SF <= Initialize FIFO Flags
0x0002 Set_xEF     .equ    2       -- SF <= Update FIFO Empty Flag (FIFO Read)
0x0003 Set_xFF     .equ    3       -- SF <= Update FIFO Full Flag  (FIFO Write)
 
-- Defines --
0x0004 NS          .def    4       -- Next State
0x0002 RS          .def    2       -- Register Select
0x0002 AS          .def    2       -- ALU Operation Select
0x0002 MS          .def    2       -- Memory Operation Select
0x0002 CF          .def    2       -- Clear Flag Select
0x0002 SF          .def    2       -- Set Flag Select
 
-- Labels --
0x0000 _Start
0x0004 _FWr
0x0006 _FRd
0x0008 _Idle
0x0009 _FWr_EF
0x000C _Unused
0x0010 _Last
0x0010 _end
 
File  Prog     
Line  Line   Opcode                                Line
0094 0x0000 _Start: .org 0
0096 0x0000  00000440 Clr_Spr WCntr, Clr -- 0001_00_01_00_00_00
0097 0x0001  00000940 Clr_WPtr Spare, Clr -- 0010_01_01_00_00_00
0098 0x0002  00000E45 Clr_RPtr RPtr, Clr, , Clr_xRF , Init_xFlgs -- 0011_10_01_00_01_01
0099 0x0003  00002340 Idle WPtr, Clr -- 1000_11_01_00_00_00
0100  --
0102 0x0004 _FWr:
0103 0x0004  000017FC FWr_1 WPtr, Inc, Wr, WE_xF -- 0101_11_11_11_11_00
0104 0x0005  000020C3 Idle WCntr, Inc, , , Set_xFF -- 1000_00_11_00_00_11
0105  --
0107 0x0006 _FRd:
0108 0x0006  00001EE8 FRd_1 RPtr, Inc, Rd, R_RDxF -- 0111_10_11_10_10_00
0109 0x0007  00002082 Idle WCntr, Dec, , , Set_xEF -- 1000_00_10_00_00_10
0110  --
0112 0x0008 _Idle:
0113 0x0008  00002000 Idle WCntr -- 1000_00_00_00_00_00
0115  --
0117 0x0009 _FWr_EF:
0118 0x0009  00002BFC FWr_EF_1 WPtr, Inc, Wr, WE_xF -- 1010_11_11_11_11_00
0119 0x000A  00002EE8 FWr_EF_2 RPtr, Inc, Rd, R_RDxF -- 1011_10_11_10_10_00
0120 0x000B  000020C3 Idle WCntr, Inc, , , Set_xFF -- 1000_00_11_00_00_11
0122  -- -----------------------------------------------------------------------------
0124 0x000C _Unused:
0125 0x000C  00002000 Idle WCntr -- 1000_00_00_00_00_00
0126 0x000D  00002000 Idle WCntr -- 1000_00_00_00_00_00
0127 0x000E  00002000 Idle WCntr -- 1000_00_00_00_00_00
0128 0x000F  00002000 Idle WCntr -- 1000_00_00_00_00_00
0130  -- -----------------------------------------------------------------------------
0131 0x0010 _Last: .org 16
0133 0x0010 _end:
